[0610/122828.984:INFO:CONSOLE(1)] "(node) warning: possible EventEmitter memory leak detected. %d listeners added. Use emitter.setMaxListeners() to increase limit.", source: file:///C:/Program%20Files/Adobe/Adobe%20Photoshop%202020/Required/www-learn/build/external.js (1)
[0610/122828.984:INFO:CONSOLE(1)] "console.trace", source: file:///C:/Program%20Files/Adobe/Adobe%20Photoshop%202020/Required/www-learn/build/external.js (1)
[0610/122828.984:INFO:CONSOLE(1)] "(node) warning: possible EventEmitter memory leak detected. %d listeners added. Use emitter.setMaxListeners() to increase limit.", source: file:///C:/Program%20Files/Adobe/Adobe%20Photoshop%202020/Required/www-learn/build/external.js (1)
[0610/122828.984:INFO:CONSOLE(1)] "console.trace", source: file:///C:/Program%20Files/Adobe/Adobe%20Photoshop%202020/Required/www-learn/build/external.js (1)
[0610/122828.984:INFO:CONSOLE(1)] "(node) warning: possible EventEmitter memory leak detected. %d listeners added. Use emitter.setMaxListeners() to increase limit.", source: file:///C:/Program%20Files/Adobe/Adobe%20Photoshop%202020/Required/www-learn/build/external.js (1)
[0610/122828.984:INFO:CONSOLE(1)] "console.trace", source: file:///C:/Program%20Files/Adobe/Adobe%20Photoshop%202020/Required/www-learn/build/external.js (1)
[0610/125346.922:WARNING:dns_config_service_win.cc(668)] Failed to read DnsConfig.
[0610/125351.933:WARNING:dns_config_service_win.cc(668)] Failed to read DnsConfig.
[0610/125356.948:WARNING:dns_config_service_win.cc(668)] Failed to read DnsConfig.
[0610/125401.970:WARNING:dns_config_service_win.cc(668)] Failed to read DnsConfig.
[0610/125406.988:WARNING:dns_config_service_win.cc(668)] Failed to read DnsConfig.
[0610/125412.010:WARNING:dns_config_service_win.cc(668)] Failed to read DnsConfig.
[0610/125417.024:WARNING:dns_config_service_win.cc(668)] Failed to read DnsConfig.
[0610/125756.415:ERROR:media_internals.cc(112)] Cannot get RenderProcessHost
[0701/211033.270:WARNING:dns_config_service_win.cc(668)] Failed to read DnsConfig.
[0701/211038.281:WARNING:dns_config_service_win.cc(668)] Failed to read DnsConfig.
[0701/211043.300:WARNING:dns_config_service_win.cc(668)] Failed to read DnsConfig.
[0701/211048.309:WARNING:dns_config_service_win.cc(668)] Failed to read DnsConfig.
[0701/211053.324:WARNING:dns_config_service_win.cc(668)] Failed to read DnsConfig.
[0701/211058.344:WARNING:dns_config_service_win.cc(668)] Failed to read DnsConfig.
[0701/211103.354:WARNING:dns_config_service_win.cc(668)] Failed to read DnsConfig.
[0701/211108.373:WARNING:dns_config_service_win.cc(668)] Failed to read DnsConfig.
[0701/211113.395:WARNING:dns_config_service_win.cc(668)] Failed to read DnsConfig.
[0701/211118.407:WARNING:dns_config_service_win.cc(668)] Failed to read DnsConfig.
[0701/211123.426:WARNING:dns_config_service_win.cc(668)] Failed to read DnsConfig.
[0701/211128.455:WARNING:dns_config_service_win.cc(668)] Failed to read DnsConfig.
[0701/211133.459:WARNING:dns_config_service_win.cc(668)] Failed to read DnsConfig.
[0701/211138.493:WARNING:dns_config_service_win.cc(668)] Failed to read DnsConfig.
[0701/211143.513:WARNING:dns_config_service_win.cc(668)] Failed to read DnsConfig.
[0701/211148.519:WARNING:dns_config_service_win.cc(668)] Failed to read DnsConfig.
[0701/211153.542:WARNING:dns_config_service_win.cc(668)] Failed to read DnsConfig.
[0701/211158.557:WARNING:dns_config_service_win.cc(668)] Failed to read DnsConfig.
[0701/211203.568:WARNING:dns_config_service_win.cc(668)] Failed to read DnsConfig.
[0701/211208.581:WARNING:dns_config_service_win.cc(668)] Failed to read DnsConfig.
[0701/211213.595:WARNING:dns_config_service_win.cc(668)] Failed to read DnsConfig.
[0701/211218.616:WARNING:dns_config_service_win.cc(668)] Failed to read DnsConfig.
[0701/211223.625:WARNING:dns_config_service_win.cc(668)] Failed to read DnsConfig.
[0701/211228.644:WARNING:dns_config_service_win.cc(668)] Failed to read DnsConfig.
[0701/211233.659:WARNING:dns_config_service_win.cc(668)] Failed to read DnsConfig.
[0701/211238.670:WARNING:dns_config_service_win.cc(668)] Failed to read DnsConfig.
[0701/211243.683:WARNING:dns_config_service_win.cc(668)] Failed to read DnsConfig.
[0701/211248.704:WARNING:dns_config_service_win.cc(668)] Failed to read DnsConfig.
[0701/211253.715:WARNING:dns_config_service_win.cc(668)] Failed to read DnsConfig.
[0701/211258.729:WARNING:dns_config_service_win.cc(668)] Failed to read DnsConfig.
[0701/211303.753:WARNING:dns_config_service_win.cc(668)] Failed to read DnsConfig.
[0701/211308.767:WARNING:dns_config_service_win.cc(668)] Failed to read DnsConfig.
[0701/211313.791:WARNING:dns_config_service_win.cc(668)] Failed to read DnsConfig.
[0701/211318.807:WARNING:dns_config_service_win.cc(668)] Failed to read DnsConfig.
[0701/211323.819:WARNING:dns_config_service_win.cc(668)] Failed to read DnsConfig.
[0701/211328.842:WARNING:dns_config_service_win.cc(668)] Failed to read DnsConfig.
[0701/211333.858:WARNING:dns_config_service_win.cc(668)] Failed to read DnsConfig.
[0701/211338.874:WARNING:dns_config_service_win.cc(668)] Failed to read DnsConfig.
[0701/211343.891:WARNING:dns_config_service_win.cc(668)] Failed to read DnsConfig.
[0701/211348.903:WARNING:dns_config_service_win.cc(668)] Failed to read DnsConfig.
[0701/211353.914:WARNING:dns_config_service_win.cc(668)] Failed to read DnsConfig.
[0701/211358.939:WARNING:dns_config_service_win.cc(668)] Failed to read DnsConfig.
[0701/211403.949:WARNING:dns_config_service_win.cc(668)] Failed to read DnsConfig.
[0701/211408.968:WARNING:dns_config_service_win.cc(668)] Failed to read DnsConfig.
[0701/211413.986:WARNING:dns_config_service_win.cc(668)] Failed to read DnsConfig.
[0701/211419.002:WARNING:dns_config_service_win.cc(668)] Failed to read DnsConfig.
[0701/211424.026:WARNING:dns_config_service_win.cc(668)] Failed to read DnsConfig.
[0701/211429.031:WARNING:dns_config_service_win.cc(668)] Failed to read DnsConfig.
[0701/211434.052:WARNING:dns_config_service_win.cc(668)] Failed to read DnsConfig.
[0701/211439.074:WARNING:dns_config_service_win.cc(668)] Failed to read DnsConfig.
[0701/211444.095:WARNING:dns_config_service_win.cc(668)] Failed to read DnsConfig.
[0701/211449.119:WARNING:dns_config_service_win.cc(668)] Failed to read DnsConfig.
[0701/211454.129:WARNING:dns_config_service_win.cc(668)] Failed to read DnsConfig.
[0701/211459.143:WARNING:dns_config_service_win.cc(668)] Failed to read DnsConfig.
[0701/211504.157:WARNING:dns_config_service_win.cc(668)] Failed to read DnsConfig.
[0701/211509.178:WARNING:dns_config_service_win.cc(668)] Failed to read DnsConfig.
[0701/211514.202:WARNING:dns_config_service_win.cc(668)] Failed to read DnsConfig.
[0701/211519.217:WARNING:dns_config_service_win.cc(668)] Failed to read DnsConfig.
[0701/211524.234:WARNING:dns_config_service_win.cc(668)] Failed to read DnsConfig.
[0701/211529.254:WARNING:dns_config_service_win.cc(668)] Failed to read DnsConfig.
[0701/211534.275:WARNING:dns_config_service_win.cc(668)] Failed to read DnsConfig.
[0701/211539.287:WARNING:dns_config_service_win.cc(668)] Failed to read DnsConfig.
[0701/211544.298:WARNING:dns_config_service_win.cc(668)] Failed to read DnsConfig.
[0701/211549.309:WARNING:dns_config_service_win.cc(668)] Failed to read DnsConfig.
[0701/211554.328:WARNING:dns_config_service_win.cc(668)] Failed to read DnsConfig.
[0701/211559.344:WARNING:dns_config_service_win.cc(668)] Failed to read DnsConfig.
[0701/211604.355:WARNING:dns_config_service_win.cc(668)] Failed to read DnsConfig.
[0701/211609.369:WARNING:dns_config_service_win.cc(668)] Failed to read DnsConfig.
[0701/211614.381:WARNING:dns_config_service_win.cc(668)] Failed to read DnsConfig.
[0701/211619.390:WARNING:dns_config_service_win.cc(668)] Failed to read DnsConfig.
[0701/211624.410:WARNING:dns_config_service_win.cc(668)] Failed to read DnsConfig.
[0701/211629.427:WARNING:dns_config_service_win.cc(668)] Failed to read DnsConfig.
[0701/211634.434:WARNING:dns_config_service_win.cc(668)] Failed to read DnsConfig.
[0701/211639.455:WARNING:dns_config_service_win.cc(668)] Failed to read DnsConfig.
[0701/211644.473:WARNING:dns_config_service_win.cc(668)] Failed to read DnsConfig.
[0701/211649.480:WARNING:dns_config_service_win.cc(668)] Failed to read DnsConfig.
[0701/211654.490:WARNING:dns_config_service_win.cc(668)] Failed to read DnsConfig.
[0701/211659.502:WARNING:dns_config_service_win.cc(668)] Failed to read DnsConfig.
[0701/211704.514:WARNING:dns_config_service_win.cc(668)] Failed to read DnsConfig.
[0701/211709.537:WARNING:dns_config_service_win.cc(668)] Failed to read DnsConfig.
[0701/211714.555:WARNING:dns_config_service_win.cc(668)] Failed to read DnsConfig.
[0701/211719.572:WARNING:dns_config_service_win.cc(668)] Failed to read DnsConfig.
[0701/211724.591:WARNING:dns_config_service_win.cc(668)] Failed to read DnsConfig.
[0701/211729.607:WARNING:dns_config_service_win.cc(668)] Failed to read DnsConfig.
[0701/211734.627:WARNING:dns_config_service_win.cc(668)] Failed to read DnsConfig.
[0701/211739.641:WARNING:dns_config_service_win.cc(668)] Failed to read DnsConfig.
[0701/211744.656:WARNING:dns_config_service_win.cc(668)] Failed to read DnsConfig.
[0701/211749.672:WARNING:dns_config_service_win.cc(668)] Failed to read DnsConfig.
[0701/211754.695:WARNING:dns_config_service_win.cc(668)] Failed to read DnsConfig.
[0701/211759.715:WARNING:dns_config_service_win.cc(668)] Failed to read DnsConfig.
[0701/211804.735:WARNING:dns_config_service_win.cc(668)] Failed to read DnsConfig.
[0701/211809.752:WARNING:dns_config_service_win.cc(668)] Failed to read DnsConfig.
[0701/211814.763:WARNING:dns_config_service_win.cc(668)] Failed to read DnsConfig.
[0701/211819.780:WARNING:dns_config_service_win.cc(668)] Failed to read DnsConfig.
[0701/211824.815:WARNING:dns_config_service_win.cc(668)] Failed to read DnsConfig.
[0701/211829.827:WARNING:dns_config_service_win.cc(668)] Failed to read DnsConfig.
[0701/211834.839:WARNING:dns_config_service_win.cc(668)] Failed to read DnsConfig.
[0701/211839.853:WARNING:dns_config_service_win.cc(668)] Failed to read DnsConfig.
[0701/211844.864:WARNING:dns_config_service_win.cc(668)] Failed to read DnsConfig.
[0701/211849.880:WARNING:dns_config_service_win.cc(668)] Failed to read DnsConfig.
[0701/211854.918:WARNING:dns_config_service_win.cc(668)] Failed to read DnsConfig.
[0701/211859.929:WARNING:dns_config_service_win.cc(668)] Failed to read DnsConfig.
[0701/211904.952:WARNING:dns_config_service_win.cc(668)] Failed to read DnsConfig.
[0701/211909.975:WARNING:dns_config_service_win.cc(668)] Failed to read DnsConfig.
[0701/211915.012:WARNING:dns_config_service_win.cc(668)] Failed to read DnsConfig.
[0701/211920.032:WARNING:dns_config_service_win.cc(668)] Failed to read DnsConfig.
[0701/211925.049:WARNING:dns_config_service_win.cc(668)] Failed to read DnsConfig.
[0701/211930.061:WARNING:dns_config_service_win.cc(668)] Failed to read DnsConfig.
[0701/211935.085:WARNING:dns_config_service_win.cc(668)] Failed to read DnsConfig.
[0701/211940.102:WARNING:dns_config_service_win.cc(668)] Failed to read DnsConfig.
[0701/211945.122:WARNING:dns_config_service_win.cc(668)] Failed to read DnsConfig.
[0701/211950.135:WARNING:dns_config_service_win.cc(668)] Failed to read DnsConfig.
[0701/211955.144:WARNING:dns_config_service_win.cc(668)] Failed to read DnsConfig.
[0701/212000.157:WARNING:dns_config_service_win.cc(668)] Failed to read DnsConfig.
[0701/212005.169:WARNING:dns_config_service_win.cc(668)] Failed to read DnsConfig.
[0701/212010.186:WARNING:dns_config_service_win.cc(668)] Failed to read DnsConfig.
[0701/212015.208:WARNING:dns_config_service_win.cc(668)] Failed to read DnsConfig.
[0701/212020.230:WARNING:dns_config_service_win.cc(668)] Failed to read DnsConfig.
[0701/212025.247:WARNING:dns_config_service_win.cc(668)] Failed to read DnsConfig.
[0701/212030.264:WARNING:dns_config_service_win.cc(668)] Failed to read DnsConfig.
[0701/212035.280:WARNING:dns_config_service_win.cc(668)] Failed to read DnsConfig.
[0701/212040.297:WARNING:dns_config_service_win.cc(668)] Failed to read DnsConfig.
[0701/212045.313:WARNING:dns_config_service_win.cc(668)] Failed to read DnsConfig.
[0701/212050.331:WARNING:dns_config_service_win.cc(668)] Failed to read DnsConfig.
[0701/212055.358:WARNING:dns_config_service_win.cc(668)] Failed to read DnsConfig.
[0701/212100.375:WARNING:dns_config_service_win.cc(668)] Failed to read DnsConfig.
[0701/212105.388:WARNING:dns_config_service_win.cc(668)] Failed to read DnsConfig.
[0701/212110.406:WARNING:dns_config_service_win.cc(668)] Failed to read DnsConfig.
[0701/212115.418:WARNING:dns_config_service_win.cc(668)] Failed to read DnsConfig.
[0701/212120.433:WARNING:dns_config_service_win.cc(668)] Failed to read DnsConfig.
[0701/212125.458:WARNING:dns_config_service_win.cc(668)] Failed to read DnsConfig.
[0701/212130.469:WARNING:dns_config_service_win.cc(668)] Failed to read DnsConfig.
[0701/212135.488:WARNING:dns_config_service_win.cc(668)] Failed to read DnsConfig.
[0701/212140.510:WARNING:dns_config_service_win.cc(668)] Failed to read DnsConfig.
[0701/212145.521:WARNING:dns_config_service_win.cc(668)] Failed to read DnsConfig.
[0701/212150.548:WARNING:dns_config_service_win.cc(668)] Failed to read DnsConfig.
[0701/212155.556:WARNING:dns_config_service_win.cc(668)] Failed to read DnsConfig.
[0701/212200.576:WARNING:dns_config_service_win.cc(668)] Failed to read DnsConfig.
[0701/212205.602:WARNING:dns_config_service_win.cc(668)] Failed to read DnsConfig.
[0701/212210.625:WARNING:dns_config_service_win.cc(668)] Failed to read DnsConfig.
[0701/212215.635:WARNING:dns_config_service_win.cc(668)] Failed to read DnsConfig.
[0701/212220.644:WARNING:dns_config_service_win.cc(668)] Failed to read DnsConfig.
[0701/212225.664:WARNING:dns_config_service_win.cc(668)] Failed to read DnsConfig.
[0701/212230.684:WARNING:dns_config_service_win.cc(668)] Failed to read DnsConfig.
[0701/212235.695:WARNING:dns_config_service_win.cc(668)] Failed to read DnsConfig.
[0701/212240.712:WARNING:dns_config_service_win.cc(668)] Failed to read DnsConfig.
[0701/212245.730:WARNING:dns_config_service_win.cc(668)] Failed to read DnsConfig.
[0701/212250.745:WARNING:dns_config_service_win.cc(668)] Failed to read DnsConfig.
[0701/212255.766:WARNING:dns_config_service_win.cc(668)] Failed to read DnsConfig.
[0701/212300.787:WARNING:dns_config_service_win.cc(668)] Failed to read DnsConfig.
[0701/212305.808:WARNING:dns_config_service_win.cc(668)] Failed to read DnsConfig.
[0701/212310.822:WARNING:dns_config_service_win.cc(668)] Failed to read DnsConfig.
[0701/212315.840:WARNING:dns_config_service_win.cc(668)] Failed to read DnsConfig.
[0701/212320.850:WARNING:dns_config_service_win.cc(668)] Failed to read DnsConfig.
[0701/212325.862:WARNING:dns_config_service_win.cc(668)] Failed to read DnsConfig.
[0701/212330.890:WARNING:dns_config_service_win.cc(668)] Failed to read DnsConfig.
[0701/212335.909:WARNING:dns_config_service_win.cc(668)] Failed to read DnsConfig.
[0701/212340.933:WARNING:dns_config_service_win.cc(668)] Failed to read DnsConfig.
[0701/212345.948:WARNING:dns_config_service_win.cc(668)] Failed to read DnsConfig.
[0701/212350.973:WARNING:dns_config_service_win.cc(668)] Failed to read DnsConfig.
[0701/212355.994:WARNING:dns_config_service_win.cc(668)] Failed to read DnsConfig.
[0701/212401.018:WARNING:dns_config_service_win.cc(668)] Failed to read DnsConfig.
[0701/212406.030:WARNING:dns_config_service_win.cc(668)] Failed to read DnsConfig.
[0701/212411.038:WARNING:dns_config_service_win.cc(668)] Failed to read DnsConfig.
[0701/212416.060:WARNING:dns_config_service_win.cc(668)] Failed to read DnsConfig.
[0701/212421.074:WARNING:dns_config_service_win.cc(668)] Failed to read DnsConfig.
[0701/212426.095:WARNING:dns_config_service_win.cc(668)] Failed to read DnsConfig.
[0701/212431.107:WARNING:dns_config_service_win.cc(668)] Failed to read DnsConfig.
[0701/212436.128:WARNING:dns_config_service_win.cc(668)] Failed to read DnsConfig.
[0701/212441.146:WARNING:dns_config_service_win.cc(668)] Failed to read DnsConfig.
[0701/212446.160:WARNING:dns_config_service_win.cc(668)] Failed to read DnsConfig.
[0701/212451.171:WARNING:dns_config_service_win.cc(668)] Failed to read DnsConfig.
[0701/212456.188:WARNING:dns_config_service_win.cc(668)] Failed to read DnsConfig.
[0701/212501.199:WARNING:dns_config_service_win.cc(668)] Failed to read DnsConfig.
[0701/212506.216:WARNING:dns_config_service_win.cc(668)] Failed to read DnsConfig.
[0701/212511.227:WARNING:dns_config_service_win.cc(668)] Failed to read DnsConfig.
[0701/212516.243:WARNING:dns_config_service_win.cc(668)] Failed to read DnsConfig.
[0701/212521.264:WARNING:dns_config_service_win.cc(668)] Failed to read DnsConfig.
[0701/212526.297:WARNING:dns_config_service_win.cc(668)] Failed to read DnsConfig.
[0701/212531.309:WARNING:dns_config_service_win.cc(668)] Failed to read DnsConfig.
[0701/212536.323:WARNING:dns_config_service_win.cc(668)] Failed to read DnsConfig.
[0701/212541.340:WARNING:dns_config_service_win.cc(668)] Failed to read DnsConfig.
[0701/212546.352:WARNING:dns_config_service_win.cc(668)] Failed to read DnsConfig.
[0701/212551.367:WARNING:dns_config_service_win.cc(668)] Failed to read DnsConfig.
[0701/212556.398:WARNING:dns_config_service_win.cc(668)] Failed to read DnsConfig.
[0701/212601.416:WARNING:dns_config_service_win.cc(668)] Failed to read DnsConfig.
[0701/212606.430:WARNING:dns_config_service_win.cc(668)] Failed to read DnsConfig.
[0701/212611.442:WARNING:dns_config_service_win.cc(668)] Failed to read DnsConfig.
[0701/212616.452:WARNING:dns_config_service_win.cc(668)] Failed to read DnsConfig.
[0701/212621.468:WARNING:dns_config_service_win.cc(668)] Failed to read DnsConfig.
[0701/212626.482:WARNING:dns_config_service_win.cc(668)] Failed to read DnsConfig.
[0701/212631.506:WARNING:dns_config_service_win.cc(668)] Failed to read DnsConfig.
[0701/212636.530:WARNING:dns_config_service_win.cc(668)] Failed to read DnsConfig.
[0701/212641.539:WARNING:dns_config_service_win.cc(668)] Failed to read DnsConfig.
[0701/212646.553:WARNING:dns_config_service_win.cc(668)] Failed to read DnsConfig.
[0701/212651.574:WARNING:dns_config_service_win.cc(668)] Failed to read DnsConfig.
[0701/212656.583:WARNING:dns_config_service_win.cc(668)] Failed to read DnsConfig.
[0701/212701.602:WARNING:dns_config_service_win.cc(668)] Failed to read DnsConfig.
[0701/212706.614:WARNING:dns_config_service_win.cc(668)] Failed to read DnsConfig.
[0701/212711.624:WARNING:dns_config_service_win.cc(668)] Failed to read DnsConfig.
[0701/212716.647:WARNING:dns_config_service_win.cc(668)] Failed to read DnsConfig.
[0701/212721.663:WARNING:dns_config_service_win.cc(668)] Failed to read DnsConfig.
[0701/212726.681:WARNING:dns_config_service_win.cc(668)] Failed to read DnsConfig.
[0701/212731.702:WARNING:dns_config_service_win.cc(668)] Failed to read DnsConfig.
[0701/212736.716:WARNING:dns_config_service_win.cc(668)] Failed to read DnsConfig.
[0701/212741.732:WARNING:dns_config_service_win.cc(668)] Failed to read DnsConfig.
[0701/212746.749:WARNING:dns_config_service_win.cc(668)] Failed to read DnsConfig.
[0701/212751.775:WARNING:dns_config_service_win.cc(668)] Failed to read DnsConfig.
[0701/212756.794:WARNING:dns_config_service_win.cc(668)] Failed to read DnsConfig.
[0701/212801.810:WARNING:dns_config_service_win.cc(668)] Failed to read DnsConfig.
[0701/212806.833:WARNING:dns_config_service_win.cc(668)] Failed to read DnsConfig.
[0701/212811.850:WARNING:dns_config_service_win.cc(668)] Failed to read DnsConfig.
[0701/212816.867:WARNING:dns_config_service_win.cc(668)] Failed to read DnsConfig.
[0701/212821.885:WARNING:dns_config_service_win.cc(668)] Failed to read DnsConfig.
[0701/212826.894:WARNING:dns_config_service_win.cc(668)] Failed to read DnsConfig.
[0701/212831.911:WARNING:dns_config_service_win.cc(668)] Failed to read DnsConfig.
[0701/212836.937:WARNING:dns_config_service_win.cc(668)] Failed to read DnsConfig.
[0701/212841.950:WARNING:dns_config_service_win.cc(668)] Failed to read DnsConfig.
[0701/212846.967:WARNING:dns_config_service_win.cc(668)] Failed to read DnsConfig.
[0701/212851.984:WARNING:dns_config_service_win.cc(668)] Failed to read DnsConfig.
[0701/212857.002:WARNING:dns_config_service_win.cc(668)] Failed to read DnsConfig.
[0701/212902.019:WARNING:dns_config_service_win.cc(668)] Failed to read DnsConfig.
[0701/212907.042:WARNING:dns_config_service_win.cc(668)] Failed to read DnsConfig.
[0701/212912.057:WARNING:dns_config_service_win.cc(668)] Failed to read DnsConfig.
[0701/212917.071:WARNING:dns_config_service_win.cc(668)] Failed to read DnsConfig.
[0701/212922.084:WARNING:dns_config_service_win.cc(668)] Failed to read DnsConfig.
[0701/212927.102:WARNING:dns_config_service_win.cc(668)] Failed to read DnsConfig.
[0701/212932.135:WARNING:dns_config_service_win.cc(668)] Failed to read DnsConfig.
[0701/212937.151:WARNING:dns_config_service_win.cc(668)] Failed to read DnsConfig.
[0701/212942.168:WARNING:dns_config_service_win.cc(668)] Failed to read DnsConfig.
[0701/212947.188:WARNING:dns_config_service_win.cc(668)] Failed to read DnsConfig.
[0701/212952.206:WARNING:dns_config_service_win.cc(668)] Failed to read DnsConfig.
[0701/212957.221:WARNING:dns_config_service_win.cc(668)] Failed to read DnsConfig.
[0701/213002.237:WARNING:dns_config_service_win.cc(668)] Failed to read DnsConfig.
[0701/213007.253:WARNING:dns_config_service_win.cc(668)] Failed to read DnsConfig.
[0701/213012.269:WARNING:dns_config_service_win.cc(668)] Failed to read DnsConfig.
[0701/213017.286:WARNING:dns_config_service_win.cc(668)] Failed to read DnsConfig.
[0701/213022.312:WARNING:dns_config_service_win.cc(668)] Failed to read DnsConfig.
[0701/213027.328:WARNING:dns_config_service_win.cc(668)] Failed to read DnsConfig.
[0701/213032.346:WARNING:dns_config_service_win.cc(668)] Failed to read DnsConfig.
[0701/213037.360:WARNING:dns_config_service_win.cc(668)] Failed to read DnsConfig.
[0701/213042.372:WARNING:dns_config_service_win.cc(668)] Failed to read DnsConfig.
[0701/213047.392:WARNING:dns_config_service_win.cc(668)] Failed to read DnsConfig.
[0701/213052.401:WARNING:dns_config_service_win.cc(668)] Failed to read DnsConfig.
[0701/213057.420:WARNING:dns_config_service_win.cc(668)] Failed to read DnsConfig.
[0701/213102.437:WARNING:dns_config_service_win.cc(668)] Failed to read DnsConfig.
[0701/213107.450:WARNING:dns_config_service_win.cc(668)] Failed to read DnsConfig.
[0701/213112.469:WARNING:dns_config_service_win.cc(668)] Failed to read DnsConfig.
[0701/213117.486:WARNING:dns_config_service_win.cc(668)] Failed to read DnsConfig.
[0701/213122.505:WARNING:dns_config_service_win.cc(668)] Failed to read DnsConfig.
[0701/213127.510:WARNING:dns_config_service_win.cc(668)] Failed to read DnsConfig.
[0701/213132.531:WARNING:dns_config_service_win.cc(668)] Failed to read DnsConfig.
[0701/213137.540:WARNING:dns_config_service_win.cc(668)] Failed to read DnsConfig.
[0701/213142.556:WARNING:dns_config_service_win.cc(668)] Failed to read DnsConfig.
[0701/213147.578:WARNING:dns_config_service_win.cc(668)] Failed to read DnsConfig.
[0701/213152.599:WARNING:dns_config_service_win.cc(668)] Failed to read DnsConfig.
[0701/213157.607:WARNING:dns_config_service_win.cc(668)] Failed to read DnsConfig.
[0701/213202.633:WARNING:dns_config_service_win.cc(668)] Failed to read DnsConfig.
[0701/213207.648:WARNING:dns_config_service_win.cc(668)] Failed to read DnsConfig.
[0701/213212.661:WARNING:dns_config_service_win.cc(668)] Failed to read DnsConfig.
[0701/213217.681:WARNING:dns_config_service_win.cc(668)] Failed to read DnsConfig.
[0701/213222.698:WARNING:dns_config_service_win.cc(668)] Failed to read DnsConfig.
[0701/213227.720:WARNING:dns_config_service_win.cc(668)] Failed to read DnsConfig.
[0701/213232.746:WARNING:dns_config_service_win.cc(668)] Failed to read DnsConfig.
[0701/213237.767:WARNING:dns_config_service_win.cc(668)] Failed to read DnsConfig.
[0701/213242.784:WARNING:dns_config_service_win.cc(668)] Failed to read DnsConfig.
[0701/213247.800:WARNING:dns_config_service_win.cc(668)] Failed to read DnsConfig.
[0701/213252.824:WARNING:dns_config_service_win.cc(668)] Failed to read DnsConfig.
[0701/213257.846:WARNING:dns_config_service_win.cc(668)] Failed to read DnsConfig.
[0701/213302.858:WARNING:dns_config_service_win.cc(668)] Failed to read DnsConfig.
[0701/213307.869:WARNING:dns_config_service_win.cc(668)] Failed to read DnsConfig.
[0701/213312.884:WARNING:dns_config_service_win.cc(668)] Failed to read DnsConfig.
[0701/213317.906:WARNING:dns_config_service_win.cc(668)] Failed to read DnsConfig.
[0701/213322.931:WARNING:dns_config_service_win.cc(668)] Failed to read DnsConfig.
[0701/213327.954:WARNING:dns_config_service_win.cc(668)] Failed to read DnsConfig.
[0701/213332.967:WARNING:dns_config_service_win.cc(668)] Failed to read DnsConfig.
[0701/213337.986:WARNING:dns_config_service_win.cc(668)] Failed to read DnsConfig.
[0701/213343.001:WARNING:dns_config_service_win.cc(668)] Failed to read DnsConfig.
[0701/213348.022:WARNING:dns_config_service_win.cc(668)] Failed to read DnsConfig.
[0701/213353.051:WARNING:dns_config_service_win.cc(668)] Failed to read DnsConfig.
[0701/213358.066:WARNING:dns_config_service_win.cc(668)] Failed to read DnsConfig.
[0701/213403.086:WARNING:dns_config_service_win.cc(668)] Failed to read DnsConfig.
[0701/213408.101:WARNING:dns_config_service_win.cc(668)] Failed to read DnsConfig.
[0701/213413.111:WARNING:dns_config_service_win.cc(668)] Failed to read DnsConfig.
[0701/213418.130:WARNING:dns_config_service_win.cc(668)] Failed to read DnsConfig.
[0701/213423.139:WARNING:dns_config_service_win.cc(668)] Failed to read DnsConfig.
[0701/213428.161:WARNING:dns_config_service_win.cc(668)] Failed to read DnsConfig.
[0701/213433.186:WARNING:dns_config_service_win.cc(668)] Failed to read DnsConfig.
[0701/213438.207:WARNING:dns_config_service_win.cc(668)] Failed to read DnsConfig.
[0701/213443.217:WARNING:dns_config_service_win.cc(668)] Failed to read DnsConfig.
[0701/213448.237:WARNING:dns_config_service_win.cc(668)] Failed to read DnsConfig.
[0701/213453.249:WARNING:dns_config_service_win.cc(668)] Failed to read DnsConfig.
[0701/213458.273:WARNING:dns_config_service_win.cc(668)] Failed to read DnsConfig.
[0701/213503.290:WARNING:dns_config_service_win.cc(668)] Failed to read DnsConfig.
[0701/213508.303:WARNING:dns_config_service_win.cc(668)] Failed to read DnsConfig.
[0701/213513.313:WARNING:dns_config_service_win.cc(668)] Failed to read DnsConfig.
[0701/213518.326:WARNING:dns_config_service_win.cc(668)] Failed to read DnsConfig.
[0701/213523.340:WARNING:dns_config_service_win.cc(668)] Failed to read DnsConfig.
[0701/213528.362:WARNING:dns_config_service_win.cc(668)] Failed to read DnsConfig.
[0701/213533.371:WARNING:dns_config_service_win.cc(668)] Failed to read DnsConfig.
[0701/213538.396:WARNING:dns_config_service_win.cc(668)] Failed to read DnsConfig.
[0701/213543.413:WARNING:dns_config_service_win.cc(668)] Failed to read DnsConfig.
[0701/213548.433:WARNING:dns_config_service_win.cc(668)] Failed to read DnsConfig.
[0701/213553.447:WARNING:dns_config_service_win.cc(668)] Failed to read DnsConfig.
[0701/213558.472:WARNING:dns_config_service_win.cc(668)] Failed to read DnsConfig.
[0701/213603.484:WARNING:dns_config_service_win.cc(668)] Failed to read DnsConfig.
[0701/213608.506:WARNING:dns_config_service_win.cc(668)] Failed to read DnsConfig.
[0701/213613.526:WARNING:dns_config_service_win.cc(668)] Failed to read DnsConfig.
[0701/213618.549:WARNING:dns_config_service_win.cc(668)] Failed to read DnsConfig.
[0701/213623.571:WARNING:dns_config_service_win.cc(668)] Failed to read DnsConfig.
[0701/213628.593:WARNING:dns_config_service_win.cc(668)] Failed to read DnsConfig.
[0701/213633.616:WARNING:dns_config_service_win.cc(668)] Failed to read DnsConfig.
[0701/213638.640:WARNING:dns_config_service_win.cc(668)] Failed to read DnsConfig.
[0701/213643.653:WARNING:dns_config_service_win.cc(668)] Failed to read DnsConfig.
[0701/213648.674:WARNING:dns_config_service_win.cc(668)] Failed to read DnsConfig.
[0701/213653.695:WARNING:dns_config_service_win.cc(668)] Failed to read DnsConfig.
[0701/213658.714:WARNING:dns_config_service_win.cc(668)] Failed to read DnsConfig.
[0701/213703.729:WARNING:dns_config_service_win.cc(668)] Failed to read DnsConfig.
[0701/213708.739:WARNING:dns_config_service_win.cc(668)] Failed to read DnsConfig.
[0701/213713.773:WARNING:dns_config_service_win.cc(668)] Failed to read DnsConfig.
[0701/213718.783:WARNING:dns_config_service_win.cc(668)] Failed to read DnsConfig.
[0701/213723.796:WARNING:dns_config_service_win.cc(668)] Failed to read DnsConfig.
[0701/213728.817:WARNING:dns_config_service_win.cc(668)] Failed to read DnsConfig.
[0701/213733.833:WARNING:dns_config_service_win.cc(668)] Failed to read DnsConfig.
[0701/213738.853:WARNING:dns_config_service_win.cc(668)] Failed to read DnsConfig.
[0701/213743.873:WARNING:dns_config_service_win.cc(668)] Failed to read DnsConfig.
[0701/213748.884:WARNING:dns_config_service_win.cc(668)] Failed to read DnsConfig.
[0701/213753.896:WARNING:dns_config_service_win.cc(668)] Failed to read DnsConfig.
[0701/213758.919:WARNING:dns_config_service_win.cc(668)] Failed to read DnsConfig.
[0701/213803.941:WARNING:dns_config_service_win.cc(668)] Failed to read DnsConfig.
[0701/213808.958:WARNING:dns_config_service_win.cc(668)] Failed to read DnsConfig.
[0701/213813.974:WARNING:dns_config_service_win.cc(668)] Failed to read DnsConfig.
[0701/213818.986:WARNING:dns_config_service_win.cc(668)] Failed to read DnsConfig.
[0701/213824.015:WARNING:dns_config_service_win.cc(668)] Failed to read DnsConfig.
[0701/213829.034:WARNING:dns_config_service_win.cc(668)] Failed to read DnsConfig.
[0701/213834.047:WARNING:dns_config_service_win.cc(668)] Failed to read DnsConfig.
[0701/213839.069:WARNING:dns_config_service_win.cc(668)] Failed to read DnsConfig.
[0701/213844.082:WARNING:dns_config_service_win.cc(668)] Failed to read DnsConfig.
[0701/213849.105:WARNING:dns_config_service_win.cc(668)] Failed to read DnsConfig.
[0701/213854.123:WARNING:dns_config_service_win.cc(668)] Failed to read DnsConfig.
[0701/213859.144:WARNING:dns_config_service_win.cc(668)] Failed to read DnsConfig.
[0701/213904.158:WARNING:dns_config_service_win.cc(668)] Failed to read DnsConfig.
[0701/213909.173:WARNING:dns_config_service_win.cc(668)] Failed to read DnsConfig.
[0701/213914.193:WARNING:dns_config_service_win.cc(668)] Failed to read DnsConfig.
[0701/213919.212:WARNING:dns_config_service_win.cc(668)] Failed to read DnsConfig.
[0701/213924.226:WARNING:dns_config_service_win.cc(668)] Failed to read DnsConfig.
[0701/213929.245:WARNING:dns_config_service_win.cc(668)] Failed to read DnsConfig.
[0701/213934.260:WARNING:dns_config_service_win.cc(668)] Failed to read DnsConfig.
[0701/213939.272:WARNING:dns_config_service_win.cc(668)] Failed to read DnsConfig.
[0701/213944.293:WARNING:dns_config_service_win.cc(668)] Failed to read DnsConfig.
[0701/213949.311:WARNING:dns_config_service_win.cc(668)] Failed to read DnsConfig.
[0701/213954.324:WARNING:dns_config_service_win.cc(668)] Failed to read DnsConfig.
[0701/213959.344:WARNING:dns_config_service_win.cc(668)] Failed to read DnsConfig.
[0701/214004.358:WARNING:dns_config_service_win.cc(668)] Failed to read DnsConfig.
[0701/214009.370:WARNING:dns_config_service_win.cc(668)] Failed to read DnsConfig.
[0701/214014.387:WARNING:dns_config_service_win.cc(668)] Failed to read DnsConfig.
[0701/214019.403:WARNING:dns_config_service_win.cc(668)] Failed to read DnsConfig.
[0701/214024.418:WARNING:dns_config_service_win.cc(668)] Failed to read DnsConfig.
[0701/214029.433:WARNING:dns_config_service_win.cc(668)] Failed to read DnsConfig.
[0701/214034.453:WARNING:dns_config_service_win.cc(668)] Failed to read DnsConfig.
[0701/214039.477:WARNING:dns_config_service_win.cc(668)] Failed to read DnsConfig.
[0701/214044.501:WARNING:dns_config_service_win.cc(668)] Failed to read DnsConfig.
[0701/214049.513:WARNING:dns_config_service_win.cc(668)] Failed to read DnsConfig.
[0701/214054.545:WARNING:dns_config_service_win.cc(668)] Failed to read DnsConfig.
[0701/214059.550:WARNING:dns_config_service_win.cc(668)] Failed to read DnsConfig.
[0701/214104.560:WARNING:dns_config_service_win.cc(668)] Failed to read DnsConfig.
[0701/214109.576:WARNING:dns_config_service_win.cc(668)] Failed to read DnsConfig.
[0701/214114.593:WARNING:dns_config_service_win.cc(668)] Failed to read DnsConfig.
[0701/214119.612:WARNING:dns_config_service_win.cc(668)] Failed to read DnsConfig.
[0701/214124.634:WARNING:dns_config_service_win.cc(668)] Failed to read DnsConfig.
[0701/214129.658:WARNING:dns_config_service_win.cc(668)] Failed to read DnsConfig.
[0701/214134.675:WARNING:dns_config_service_win.cc(668)] Failed to read DnsConfig.
[0701/214139.692:WARNING:dns_config_service_win.cc(668)] Failed to read DnsConfig.
[0701/214144.707:WARNING:dns_config_service_win.cc(668)] Failed to read DnsConfig.
[0701/214149.719:WARNING:dns_config_service_win.cc(668)] Failed to read DnsConfig.
[0701/214154.741:WARNING:dns_config_service_win.cc(668)] Failed to read DnsConfig.
[0701/214159.756:WARNING:dns_config_service_win.cc(668)] Failed to read DnsConfig.
[0701/214204.769:WARNING:dns_config_service_win.cc(668)] Failed to read DnsConfig.
[0701/214209.787:WARNING:dns_config_service_win.cc(668)] Failed to read DnsConfig.
[0701/214214.801:WARNING:dns_config_service_win.cc(668)] Failed to read DnsConfig.
[0701/214219.820:WARNING:dns_config_service_win.cc(668)] Failed to read DnsConfig.
[0701/214224.841:WARNING:dns_config_service_win.cc(668)] Failed to read DnsConfig.
[0701/214229.843:WARNING:dns_config_service_win.cc(668)] Failed to read DnsConfig.
[0701/214234.857:WARNING:dns_config_service_win.cc(668)] Failed to read DnsConfig.
[0701/214239.879:WARNING:dns_config_service_win.cc(668)] Failed to read DnsConfig.
[0701/214244.894:WARNING:dns_config_service_win.cc(668)] Failed to read DnsConfig.
[0701/214249.908:WARNING:dns_config_service_win.cc(668)] Failed to read DnsConfig.
[0701/214254.926:WARNING:dns_config_service_win.cc(668)] Failed to read DnsConfig.
[0701/214259.947:WARNING:dns_config_service_win.cc(668)] Failed to read DnsConfig.
[0701/214304.962:WARNING:dns_config_service_win.cc(668)] Failed to read DnsConfig.
[0701/214309.978:WARNING:dns_config_service_win.cc(668)] Failed to read DnsConfig.
[0701/214314.988:WARNING:dns_config_service_win.cc(668)] Failed to read DnsConfig.
[0701/214320.006:WARNING:dns_config_service_win.cc(668)] Failed to read DnsConfig.
[0701/214325.015:WARNING:dns_config_service_win.cc(668)] Failed to read DnsConfig.
[0701/214330.031:WARNING:dns_config_service_win.cc(668)] Failed to read DnsConfig.
[0701/214335.054:WARNING:dns_config_service_win.cc(668)] Failed to read DnsConfig.
[0701/214340.070:WARNING:dns_config_service_win.cc(668)] Failed to read DnsConfig.
[0701/214345.095:WARNING:dns_config_service_win.cc(668)] Failed to read DnsConfig.
[0701/214350.118:WARNING:dns_config_service_win.cc(668)] Failed to read DnsConfig.
[0701/214355.128:WARNING:dns_config_service_win.cc(668)] Failed to read DnsConfig.
[0701/214400.144:WARNING:dns_config_service_win.cc(668)] Failed to read DnsConfig.
[0701/214405.150:WARNING:dns_config_service_win.cc(668)] Failed to read DnsConfig.
[0701/214410.170:WARNING:dns_config_service_win.cc(668)] Failed to read DnsConfig.
[0701/214415.181:WARNING:dns_config_service_win.cc(668)] Failed to read DnsConfig.
[0701/214420.202:WARNING:dns_config_service_win.cc(668)] Failed to read DnsConfig.
[0701/214425.214:WARNING:dns_config_service_win.cc(668)] Failed to read DnsConfig.
[0701/214430.230:WARNING:dns_config_service_win.cc(668)] Failed to read DnsConfig.
[0701/214435.243:WARNING:dns_config_service_win.cc(668)] Failed to read DnsConfig.
[0701/214440.260:WARNING:dns_config_service_win.cc(668)] Failed to read DnsConfig.
[0701/214445.279:WARNING:dns_config_service_win.cc(668)] Failed to read DnsConfig.
[0701/214450.296:WARNING:dns_config_service_win.cc(668)] Failed to read DnsConfig.
[0701/214455.309:WARNING:dns_config_service_win.cc(668)] Failed to read DnsConfig.
[0701/214500.331:WARNING:dns_config_service_win.cc(668)] Failed to read DnsConfig.
[0701/214505.347:WARNING:dns_config_service_win.cc(668)] Failed to read DnsConfig.
[0701/214510.369:WARNING:dns_config_service_win.cc(668)] Failed to read DnsConfig.
[0701/214515.391:WARNING:dns_config_service_win.cc(668)] Failed to read DnsConfig.
[0701/214520.411:WARNING:dns_config_service_win.cc(668)] Failed to read DnsConfig.
[0701/214525.426:WARNING:dns_config_service_win.cc(668)] Failed to read DnsConfig.
[0701/214530.448:WARNING:dns_config_service_win.cc(668)] Failed to read DnsConfig.
[0701/214535.465:WARNING:dns_config_service_win.cc(668)] Failed to read DnsConfig.
[0701/214540.482:WARNING:dns_config_service_win.cc(668)] Failed to read DnsConfig.
[0701/214545.491:WARNING:dns_config_service_win.cc(668)] Failed to read DnsConfig.
[0701/214550.505:WARNING:dns_config_service_win.cc(668)] Failed to read DnsConfig.
[0701/214555.522:WARNING:dns_config_service_win.cc(668)] Failed to read DnsConfig.
[0701/214600.552:WARNING:dns_config_service_win.cc(668)] Failed to read DnsConfig.
[0701/214605.564:WARNING:dns_config_service_win.cc(668)] Failed to read DnsConfig.
[0701/214610.574:WARNING:dns_config_service_win.cc(668)] Failed to read DnsConfig.
[0701/214615.588:WARNING:dns_config_service_win.cc(668)] Failed to read DnsConfig.
[0701/214620.597:WARNING:dns_config_service_win.cc(668)] Failed to read DnsConfig.
[0701/214625.609:WARNING:dns_config_service_win.cc(668)] Failed to read DnsConfig.
[0701/214630.624:WARNING:dns_config_service_win.cc(668)] Failed to read DnsConfig.
[0701/214635.642:WARNING:dns_config_service_win.cc(668)] Failed to read DnsConfig.
[0701/214640.658:WARNING:dns_config_service_win.cc(668)] Failed to read DnsConfig.
[0701/214645.673:WARNING:dns_config_service_win.cc(668)] Failed to read DnsConfig.
[0701/214650.684:WARNING:dns_config_service_win.cc(668)] Failed to read DnsConfig.
[0701/214655.694:WARNING:dns_config_service_win.cc(668)] Failed to read DnsConfig.
[0701/214700.704:WARNING:dns_config_service_win.cc(668)] Failed to read DnsConfig.
[0701/214705.726:WARNING:dns_config_service_win.cc(668)] Failed to read DnsConfig.
[0701/214710.748:WARNING:dns_config_service_win.cc(668)] Failed to read DnsConfig.
[0701/214715.766:WARNING:dns_config_service_win.cc(668)] Failed to read DnsConfig.
[0701/214720.790:WARNING:dns_config_service_win.cc(668)] Failed to read DnsConfig.
[0701/214725.815:WARNING:dns_config_service_win.cc(668)] Failed to read DnsConfig.
[0701/214730.839:WARNING:dns_config_service_win.cc(668)] Failed to read DnsConfig.
[0701/214735.856:WARNING:dns_config_service_win.cc(668)] Failed to read DnsConfig.
[0701/214740.867:WARNING:dns_config_service_win.cc(668)] Failed to read DnsConfig.
[0701/214745.877:WARNING:dns_config_service_win.cc(668)] Failed to read DnsConfig.
[0701/214750.901:WARNING:dns_config_service_win.cc(668)] Failed to read DnsConfig.
[0701/214755.920:WARNING:dns_config_service_win.cc(668)] Failed to read DnsConfig.
[0701/214800.944:WARNING:dns_config_service_win.cc(668)] Failed to read DnsConfig.
[0701/214805.960:WARNING:dns_config_service_win.cc(668)] Failed to read DnsConfig.
[0701/214810.976:WARNING:dns_config_service_win.cc(668)] Failed to read DnsConfig.
[0701/214815.992:WARNING:dns_config_service_win.cc(668)] Failed to read DnsConfig.
[0701/214821.014:WARNING:dns_config_service_win.cc(668)] Failed to read DnsConfig.
[0701/214826.029:WARNING:dns_config_service_win.cc(668)] Failed to read DnsConfig.
[0701/214831.054:WARNING:dns_config_service_win.cc(668)] Failed to read DnsConfig.
[0701/214836.076:WARNING:dns_config_service_win.cc(668)] Failed to read DnsConfig.
[0701/214841.091:WARNING:dns_config_service_win.cc(668)] Failed to read DnsConfig.
[0701/214846.111:WARNING:dns_config_service_win.cc(668)] Failed to read DnsConfig.
[0701/214851.124:WARNING:dns_config_service_win.cc(668)] Failed to read DnsConfig.
[0701/214856.134:WARNING:dns_config_service_win.cc(668)] Failed to read DnsConfig.
[0701/214901.155:WARNING:dns_config_service_win.cc(668)] Failed to read DnsConfig.
[0701/214906.172:WARNING:dns_config_service_win.cc(668)] Failed to read DnsConfig.
[0701/214911.186:WARNING:dns_config_service_win.cc(668)] Failed to read DnsConfig.
[0701/214916.208:WARNING:dns_config_service_win.cc(668)] Failed to read DnsConfig.
[0701/214921.221:WARNING:dns_config_service_win.cc(668)] Failed to read DnsConfig.
[0701/214926.239:WARNING:dns_config_service_win.cc(668)] Failed to read DnsConfig.
[0701/214931.248:WARNING:dns_config_service_win.cc(668)] Failed to read DnsConfig.
[0701/214936.272:WARNING:dns_config_service_win.cc(668)] Failed to read DnsConfig.
[0701/214941.284:WARNING:dns_config_service_win.cc(668)] Failed to read DnsConfig.
[0701/214946.304:WARNING:dns_config_service_win.cc(668)] Failed to read DnsConfig.
[0701/214951.316:WARNING:dns_config_service_win.cc(668)] Failed to read DnsConfig.
[0701/214956.333:WARNING:dns_config_service_win.cc(668)] Failed to read DnsConfig.
[0701/215001.345:WARNING:dns_config_service_win.cc(668)] Failed to read DnsConfig.
[0701/215006.367:WARNING:dns_config_service_win.cc(668)] Failed to read DnsConfig.
[0701/215011.385:WARNING:dns_config_service_win.cc(668)] Failed to read DnsConfig.
[0701/215016.400:WARNING:dns_config_service_win.cc(668)] Failed to read DnsConfig.
[0701/215021.415:WARNING:dns_config_service_win.cc(668)] Failed to read DnsConfig.
[0701/215026.437:WARNING:dns_config_service_win.cc(668)] Failed to read DnsConfig.
[0701/215031.449:WARNING:dns_config_service_win.cc(668)] Failed to read DnsConfig.
[0701/215036.472:WARNING:dns_config_service_win.cc(668)] Failed to read DnsConfig.
[0701/215041.483:WARNING:dns_config_service_win.cc(668)] Failed to read DnsConfig.
[0701/215046.503:WARNING:dns_config_service_win.cc(668)] Failed to read DnsConfig.
[0701/215051.516:WARNING:dns_config_service_win.cc(668)] Failed to read DnsConfig.
[0701/215056.562:WARNING:dns_config_service_win.cc(668)] Failed to read DnsConfig.
[0701/215101.593:WARNING:dns_config_service_win.cc(668)] Failed to read DnsConfig.
[0701/215106.605:WARNING:dns_config_service_win.cc(668)] Failed to read DnsConfig.
[0701/215111.627:WARNING:dns_config_service_win.cc(668)] Failed to read DnsConfig.
[0701/215116.651:WARNING:dns_config_service_win.cc(668)] Failed to read DnsConfig.
[0701/215121.667:WARNING:dns_config_service_win.cc(668)] Failed to read DnsConfig.
[0701/215126.685:WARNING:dns_config_service_win.cc(668)] Failed to read DnsConfig.
[0701/215131.702:WARNING:dns_config_service_win.cc(668)] Failed to read DnsConfig.
[0701/215136.718:WARNING:dns_config_service_win.cc(668)] Failed to read DnsConfig.
[0701/215141.727:WARNING:dns_config_service_win.cc(668)] Failed to read DnsConfig.
[0701/215146.750:WARNING:dns_config_service_win.cc(668)] Failed to read DnsConfig.
[0701/215151.766:WARNING:dns_config_service_win.cc(668)] Failed to read DnsConfig.
[0701/215156.783:WARNING:dns_config_service_win.cc(668)] Failed to read DnsConfig.
[0701/215201.793:WARNING:dns_config_service_win.cc(668)] Failed to read DnsConfig.
[0701/215206.816:WARNING:dns_config_service_win.cc(668)] Failed to read DnsConfig.
[0701/215211.831:WARNING:dns_config_service_win.cc(668)] Failed to read DnsConfig.
[0701/215216.855:WARNING:dns_config_service_win.cc(668)] Failed to read DnsConfig.
[0701/215221.875:WARNING:dns_config_service_win.cc(668)] Failed to read DnsConfig.
[0701/215226.883:WARNING:dns_config_service_win.cc(668)] Failed to read DnsConfig.
[0701/215231.900:WARNING:dns_config_service_win.cc(668)] Failed to read DnsConfig.
[0701/215236.913:WARNING:dns_config_service_win.cc(668)] Failed to read DnsConfig.
[0701/215241.931:WARNING:dns_config_service_win.cc(668)] Failed to read DnsConfig.
[0701/215246.945:WARNING:dns_config_service_win.cc(668)] Failed to read DnsConfig.
[0701/215251.969:WARNING:dns_config_service_win.cc(668)] Failed to read DnsConfig.
[0701/215256.984:WARNING:dns_config_service_win.cc(668)] Failed to read DnsConfig.
[0701/215302.012:WARNING:dns_config_service_win.cc(668)] Failed to read DnsConfig.
[0701/215307.032:WARNING:dns_config_service_win.cc(668)] Failed to read DnsConfig.
[0701/215312.054:WARNING:dns_config_service_win.cc(668)] Failed to read DnsConfig.
[0701/215317.071:WARNING:dns_config_service_win.cc(668)] Failed to read DnsConfig.
[0701/215322.088:WARNING:dns_config_service_win.cc(668)] Failed to read DnsConfig.
[0701/215327.110:WARNING:dns_config_service_win.cc(668)] Failed to read DnsConfig.
[0701/215332.129:WARNING:dns_config_service_win.cc(668)] Failed to read DnsConfig.
[0701/215337.155:WARNING:dns_config_service_win.cc(668)] Failed to read DnsConfig.
[0701/215342.169:WARNING:dns_config_service_win.cc(668)] Failed to read DnsConfig.
[0701/215347.203:WARNING:dns_config_service_win.cc(668)] Failed to read DnsConfig.
[0701/215352.244:WARNING:dns_config_service_win.cc(668)] Failed to read DnsConfig.
[0701/215357.358:WARNING:dns_config_service_win.cc(668)] Failed to read DnsConfig.
[0701/215402.390:WARNING:dns_config_service_win.cc(668)] Failed to read DnsConfig.
[0701/215407.416:WARNING:dns_config_service_win.cc(668)] Failed to read DnsConfig.
[0701/215412.426:WARNING:dns_config_service_win.cc(668)] Failed to read DnsConfig.
[0701/215417.447:WARNING:dns_config_service_win.cc(668)] Failed to read DnsConfig.
[0701/215422.467:WARNING:dns_config_service_win.cc(668)] Failed to read DnsConfig.
[0701/215427.484:WARNING:dns_config_service_win.cc(668)] Failed to read DnsConfig.
[0701/215432.497:WARNING:dns_config_service_win.cc(668)] Failed to read DnsConfig.
[0701/215437.516:WARNING:dns_config_service_win.cc(668)] Failed to read DnsConfig.
[0701/215442.551:WARNING:dns_config_service_win.cc(668)] Failed to read DnsConfig.
[0701/215447.563:WARNING:dns_config_service_win.cc(668)] Failed to read DnsConfig.
[0701/215452.580:WARNING:dns_config_service_win.cc(668)] Failed to read DnsConfig.
[0701/215457.593:WARNING:dns_config_service_win.cc(668)] Failed to read DnsConfig.
[0701/215502.612:WARNING:dns_config_service_win.cc(668)] Failed to read DnsConfig.
[0701/215507.633:WARNING:dns_config_service_win.cc(668)] Failed to read DnsConfig.
[0701/215512.646:WARNING:dns_config_service_win.cc(668)] Failed to read DnsConfig.
[0701/215517.664:WARNING:dns_config_service_win.cc(668)] Failed to read DnsConfig.
[0701/215522.676:WARNING:dns_config_service_win.cc(668)] Failed to read DnsConfig.
[0701/215527.694:WARNING:dns_config_service_win.cc(668)] Failed to read DnsConfig.
[0701/215532.710:WARNING:dns_config_service_win.cc(668)] Failed to read DnsConfig.
[0701/215537.727:WARNING:dns_config_service_win.cc(668)] Failed to read DnsConfig.
[0701/215542.737:WARNING:dns_config_service_win.cc(668)] Failed to read DnsConfig.
[0701/215547.750:WARNING:dns_config_service_win.cc(668)] Failed to read DnsConfig.
[0701/215552.768:WARNING:dns_config_service_win.cc(668)] Failed to read DnsConfig.
[0701/215557.785:WARNING:dns_config_service_win.cc(668)] Failed to read DnsConfig.
[0701/215602.803:WARNING:dns_config_service_win.cc(668)] Failed to read DnsConfig.
[0701/215607.823:WARNING:dns_config_service_win.cc(668)] Failed to read DnsConfig.
[0701/215612.843:WARNING:dns_config_service_win.cc(668)] Failed to read DnsConfig.
[0701/215617.860:WARNING:dns_config_service_win.cc(668)] Failed to read DnsConfig.
[0701/215622.874:WARNING:dns_config_service_win.cc(668)] Failed to read DnsConfig.
[0701/215627.891:WARNING:dns_config_service_win.cc(668)] Failed to read DnsConfig.
[0701/215632.904:WARNING:dns_config_service_win.cc(668)] Failed to read DnsConfig.
[0701/215637.933:WARNING:dns_config_service_win.cc(668)] Failed to read DnsConfig.
[0701/215642.944:WARNING:dns_config_service_win.cc(668)] Failed to read DnsConfig.
[0701/215647.967:WARNING:dns_config_service_win.cc(668)] Failed to read DnsConfig.
[0701/215652.990:WARNING:dns_config_service_win.cc(668)] Failed to read DnsConfig.
[0701/215658.000:WARNING:dns_config_service_win.cc(668)] Failed to read DnsConfig.
[0701/215703.016:WARNING:dns_config_service_win.cc(668)] Failed to read DnsConfig.
[0701/215708.039:WARNING:dns_config_service_win.cc(668)] Failed to read DnsConfig.
[0701/215713.057:WARNING:dns_config_service_win.cc(668)] Failed to read DnsConfig.
[0701/215718.070:WARNING:dns_config_service_win.cc(668)] Failed to read DnsConfig.
[0701/215723.090:WARNING:dns_config_service_win.cc(668)] Failed to read DnsConfig.
[0701/215728.099:WARNING:dns_config_service_win.cc(668)] Failed to read DnsConfig.
[0701/215733.115:WARNING:dns_config_service_win.cc(668)] Failed to read DnsConfig.
[0701/215738.142:WARNING:dns_config_service_win.cc(668)] Failed to read DnsConfig.
[0701/215743.162:WARNING:dns_config_service_win.cc(668)] Failed to read DnsConfig.
[0701/215748.173:WARNING:dns_config_service_win.cc(668)] Failed to read DnsConfig.
[0701/215753.192:WARNING:dns_config_service_win.cc(668)] Failed to read DnsConfig.
[0701/215758.211:WARNING:dns_config_service_win.cc(668)] Failed to read DnsConfig.
[0701/215803.229:WARNING:dns_config_service_win.cc(668)] Failed to read DnsConfig.
[0701/215808.243:WARNING:dns_config_service_win.cc(668)] Failed to read DnsConfig.
[0701/215813.256:WARNING:dns_config_service_win.cc(668)] Failed to read DnsConfig.
[0701/215818.275:WARNING:dns_config_service_win.cc(668)] Failed to read DnsConfig.
[0701/215823.301:WARNING:dns_config_service_win.cc(668)] Failed to read DnsConfig.
[0701/215828.314:WARNING:dns_config_service_win.cc(668)] Failed to read DnsConfig.
[0701/215833.327:WARNING:dns_config_service_win.cc(668)] Failed to read DnsConfig.
[0701/215838.338:WARNING:dns_config_service_win.cc(668)] Failed to read DnsConfig.
[0701/215843.361:WARNING:dns_config_service_win.cc(668)] Failed to read DnsConfig.
[0701/215848.378:WARNING:dns_config_service_win.cc(668)] Failed to read DnsConfig.
[0701/215853.388:WARNING:dns_config_service_win.cc(668)] Failed to read DnsConfig.
[0701/215858.407:WARNING:dns_config_service_win.cc(668)] Failed to read DnsConfig.
[0701/215903.421:WARNING:dns_config_service_win.cc(668)] Failed to read DnsConfig.
[0701/215908.438:WARNING:dns_config_service_win.cc(668)] Failed to read DnsConfig.
[0701/215913.468:WARNING:dns_config_service_win.cc(668)] Failed to read DnsConfig.
[0701/215918.483:WARNING:dns_config_service_win.cc(668)] Failed to read DnsConfig.
[0701/215923.503:WARNING:dns_config_service_win.cc(668)] Failed to read DnsConfig.
[0701/215928.536:WARNING:dns_config_service_win.cc(668)] Failed to read DnsConfig.
[0701/215933.546:WARNING:dns_config_service_win.cc(668)] Failed to read DnsConfig.
[0701/215938.567:WARNING:dns_config_service_win.cc(668)] Failed to read DnsConfig.
[0701/215943.577:WARNING:dns_config_service_win.cc(668)] Failed to read DnsConfig.
[0701/215948.595:WARNING:dns_config_service_win.cc(668)] Failed to read DnsConfig.
[0701/215953.627:WARNING:dns_config_service_win.cc(668)] Failed to read DnsConfig.
[0701/215958.645:WARNING:dns_config_service_win.cc(668)] Failed to read DnsConfig.
[0701/220003.667:WARNING:dns_config_service_win.cc(668)] Failed to read DnsConfig.
[0701/220008.684:WARNING:dns_config_service_win.cc(668)] Failed to read DnsConfig.
[0701/220013.693:WARNING:dns_config_service_win.cc(668)] Failed to read DnsConfig.
[0701/220018.703:WARNING:dns_config_service_win.cc(668)] Failed to read DnsConfig.
[0701/220023.718:WARNING:dns_config_service_win.cc(668)] Failed to read DnsConfig.
[0701/220028.737:WARNING:dns_config_service_win.cc(668)] Failed to read DnsConfig.
[0701/220033.754:WARNING:dns_config_service_win.cc(668)] Failed to read DnsConfig.
[0701/220038.763:WARNING:dns_config_service_win.cc(668)] Failed to read DnsConfig.
[0701/220043.784:WARNING:dns_config_service_win.cc(668)] Failed to read DnsConfig.
[0701/220048.795:WARNING:dns_config_service_win.cc(668)] Failed to read DnsConfig.
[0701/220053.813:WARNING:dns_config_service_win.cc(668)] Failed to read DnsConfig.
[0701/220058.829:WARNING:dns_config_service_win.cc(668)] Failed to read DnsConfig.
[0701/220103.845:WARNING:dns_config_service_win.cc(668)] Failed to read DnsConfig.
[0701/220108.856:WARNING:dns_config_service_win.cc(668)] Failed to read DnsConfig.
[0701/220113.878:WARNING:dns_config_service_win.cc(668)] Failed to read DnsConfig.
[0701/220118.888:WARNING:dns_config_service_win.cc(668)] Failed to read DnsConfig.
[0701/220123.912:WARNING:dns_config_service_win.cc(668)] Failed to read DnsConfig.
[0701/220128.927:WARNING:dns_config_service_win.cc(668)] Failed to read DnsConfig.
[0701/220133.944:WARNING:dns_config_service_win.cc(668)] Failed to read DnsConfig.
[0701/220138.958:WARNING:dns_config_service_win.cc(668)] Failed to read DnsConfig.
[0701/220143.974:WARNING:dns_config_service_win.cc(668)] Failed to read DnsConfig.
[0701/220148.990:WARNING:dns_config_service_win.cc(668)] Failed to read DnsConfig.
[0701/220154.012:WARNING:dns_config_service_win.cc(668)] Failed to read DnsConfig.
[0701/220159.033:WARNING:dns_config_service_win.cc(668)] Failed to read DnsConfig.
[0701/220204.048:WARNING:dns_config_service_win.cc(668)] Failed to read DnsConfig.
[0701/220209.075:WARNING:dns_config_service_win.cc(668)] Failed to read DnsConfig.
[0701/220214.084:WARNING:dns_config_service_win.cc(668)] Failed to read DnsConfig.
[0701/220219.100:WARNING:dns_config_service_win.cc(668)] Failed to read DnsConfig.
[0701/220224.112:WARNING:dns_config_service_win.cc(668)] Failed to read DnsConfig.
[0701/220229.131:WARNING:dns_config_service_win.cc(668)] Failed to read DnsConfig.
[0701/220234.162:WARNING:dns_config_service_win.cc(668)] Failed to read DnsConfig.
[0701/220239.187:WARNING:dns_config_service_win.cc(668)] Failed to read DnsConfig.
[0701/220244.200:WARNING:dns_config_service_win.cc(668)] Failed to read DnsConfig.
[0701/220249.219:WARNING:dns_config_service_win.cc(668)] Failed to read DnsConfig.
[0701/220254.239:WARNING:dns_config_service_win.cc(668)] Failed to read DnsConfig.
[0701/220259.261:WARNING:dns_config_service_win.cc(668)] Failed to read DnsConfig.
[0701/220304.285:WARNING:dns_config_service_win.cc(668)] Failed to read DnsConfig.
[0701/220309.315:WARNING:dns_config_service_win.cc(668)] Failed to read DnsConfig.
[0701/220314.342:WARNING:dns_config_service_win.cc(668)] Failed to read DnsConfig.
[0701/220319.352:WARNING:dns_config_service_win.cc(668)] Failed to read DnsConfig.
[0701/220324.366:WARNING:dns_config_service_win.cc(668)] Failed to read DnsConfig.
[0701/220329.378:WARNING:dns_config_service_win.cc(668)] Failed to read DnsConfig.
[0701/220334.399:WARNING:dns_config_service_win.cc(668)] Failed to read DnsConfig.
[0701/220339.408:WARNING:dns_config_service_win.cc(668)] Failed to read DnsConfig.
[0701/220344.427:WARNING:dns_config_service_win.cc(668)] Failed to read DnsConfig.
[0701/220349.441:WARNING:dns_config_service_win.cc(668)] Failed to read DnsConfig.
[0701/220354.453:WARNING:dns_config_service_win.cc(668)] Failed to read DnsConfig.
[0701/220359.477:WARNING:dns_config_service_win.cc(668)] Failed to read DnsConfig.
[0701/220404.490:WARNING:dns_config_service_win.cc(668)] Failed to read DnsConfig.
[0701/220409.507:WARNING:dns_config_service_win.cc(668)] Failed to read DnsConfig.
[0701/220414.519:WARNING:dns_config_service_win.cc(668)] Failed to read DnsConfig.
[0701/220419.542:WARNING:dns_config_service_win.cc(668)] Failed to read DnsConfig.
[0701/220424.554:WARNING:dns_config_service_win.cc(668)] Failed to read DnsConfig.
[0701/220429.569:WARNING:dns_config_service_win.cc(668)] Failed to read DnsConfig.
[0701/220434.583:WARNING:dns_config_service_win.cc(668)] Failed to read DnsConfig.
[0701/220439.600:WARNING:dns_config_service_win.cc(668)] Failed to read DnsConfig.
[0701/220444.625:WARNING:dns_config_service_win.cc(668)] Failed to read DnsConfig.
[0701/220449.649:WARNING:dns_config_service_win.cc(668)] Failed to read DnsConfig.
[0701/220454.664:WARNING:dns_config_service_win.cc(668)] Failed to read DnsConfig.
[0701/220459.674:WARNING:dns_config_service_win.cc(668)] Failed to read DnsConfig.
[0701/220504.698:WARNING:dns_config_service_win.cc(668)] Failed to read DnsConfig.
[0701/220509.710:WARNING:dns_config_service_win.cc(668)] Failed to read DnsConfig.
[0701/220514.722:WARNING:dns_config_service_win.cc(668)] Failed to read DnsConfig.
[0701/220519.736:WARNING:dns_config_service_win.cc(668)] Failed to read DnsConfig.
[0701/220524.752:WARNING:dns_config_service_win.cc(668)] Failed to read DnsConfig.
[0701/220529.771:WARNING:dns_config_service_win.cc(668)] Failed to read DnsConfig.
[0701/220534.794:WARNING:dns_config_service_win.cc(668)] Failed to read DnsConfig.
[0701/220539.815:WARNING:dns_config_service_win.cc(668)] Failed to read DnsConfig.
[0701/220544.839:WARNING:dns_config_service_win.cc(668)] Failed to read DnsConfig.
[0701/220549.855:WARNING:dns_config_service_win.cc(668)] Failed to read DnsConfig.
[0701/220554.881:WARNING:dns_config_service_win.cc(668)] Failed to read DnsConfig.
[0701/220559.901:WARNING:dns_config_service_win.cc(668)] Failed to read DnsConfig.
[0701/220604.912:WARNING:dns_config_service_win.cc(668)] Failed to read DnsConfig.
[0701/220609.936:WARNING:dns_config_service_win.cc(668)] Failed to read DnsConfig.
[0701/220614.959:WARNING:dns_config_service_win.cc(668)] Failed to read DnsConfig.
[0701/220619.976:WARNING:dns_config_service_win.cc(668)] Failed to read DnsConfig.
[0701/220624.999:WARNING:dns_config_service_win.cc(668)] Failed to read DnsConfig.
[0701/220630.023:WARNING:dns_config_service_win.cc(668)] Failed to read DnsConfig.
[0701/220635.043:WARNING:dns_config_service_win.cc(668)] Failed to read DnsConfig.
[0701/220640.062:WARNING:dns_config_service_win.cc(668)] Failed to read DnsConfig.
[0701/220645.085:WARNING:dns_config_service_win.cc(668)] Failed to read DnsConfig.
[0701/220650.101:WARNING:dns_config_service_win.cc(668)] Failed to read DnsConfig.
[0701/220655.122:WARNING:dns_config_service_win.cc(668)] Failed to read DnsConfig.
[0701/220700.141:WARNING:dns_config_service_win.cc(668)] Failed to read DnsConfig.
[0701/220705.158:WARNING:dns_config_service_win.cc(668)] Failed to read DnsConfig.
[0701/220710.178:WARNING:dns_config_service_win.cc(668)] Failed to read DnsConfig.
[0701/220715.191:WARNING:dns_config_service_win.cc(668)] Failed to read DnsConfig.
[0701/220720.214:WARNING:dns_config_service_win.cc(668)] Failed to read DnsConfig.
[0701/220725.226:WARNING:dns_config_service_win.cc(668)] Failed to read DnsConfig.
[0701/220730.254:WARNING:dns_config_service_win.cc(668)] Failed to read DnsConfig.
[0701/220735.269:WARNING:dns_config_service_win.cc(668)] Failed to read DnsConfig.
[0701/220740.278:WARNING:dns_config_service_win.cc(668)] Failed to read DnsConfig.
[0701/220745.291:WARNING:dns_config_service_win.cc(668)] Failed to read DnsConfig.
[0701/220750.308:WARNING:dns_config_service_win.cc(668)] Failed to read DnsConfig.
[0701/220755.326:WARNING:dns_config_service_win.cc(668)] Failed to read DnsConfig.
[0701/220800.348:WARNING:dns_config_service_win.cc(668)] Failed to read DnsConfig.
[0701/220805.358:WARNING:dns_config_service_win.cc(668)] Failed to read DnsConfig.
[0701/220810.378:WARNING:dns_config_service_win.cc(668)] Failed to read DnsConfig.
[0701/220815.401:WARNING:dns_config_service_win.cc(668)] Failed to read DnsConfig.
[0701/220820.414:WARNING:dns_config_service_win.cc(668)] Failed to read DnsConfig.
[0701/220825.425:WARNING:dns_config_service_win.cc(668)] Failed to read DnsConfig.
[0701/220830.443:WARNING:dns_config_service_win.cc(668)] Failed to read DnsConfig.
[0701/220835.463:WARNING:dns_config_service_win.cc(668)] Failed to read DnsConfig.
[0701/220840.480:WARNING:dns_config_service_win.cc(668)] Failed to read DnsConfig.
[0701/220845.499:WARNING:dns_config_service_win.cc(668)] Failed to read DnsConfig.
[0701/220850.517:WARNING:dns_config_service_win.cc(668)] Failed to read DnsConfig.
[0701/220855.529:WARNING:dns_config_service_win.cc(668)] Failed to read DnsConfig.
[0701/220900.547:WARNING:dns_config_service_win.cc(668)] Failed to read DnsConfig.
[0701/220905.563:WARNING:dns_config_service_win.cc(668)] Failed to read DnsConfig.
[0701/220910.574:WARNING:dns_config_service_win.cc(668)] Failed to read DnsConfig.
[0701/220915.590:WARNING:dns_config_service_win.cc(668)] Failed to read DnsConfig.
[0701/220920.605:WARNING:dns_config_service_win.cc(668)] Failed to read DnsConfig.
[0701/220925.624:WARNING:dns_config_service_win.cc(668)] Failed to read DnsConfig.
[0701/220930.639:WARNING:dns_config_service_win.cc(668)] Failed to read DnsConfig.
[0701/220935.659:WARNING:dns_config_service_win.cc(668)] Failed to read DnsConfig.
[0701/220940.673:WARNING:dns_config_service_win.cc(668)] Failed to read DnsConfig.
[0701/220945.695:WARNING:dns_config_service_win.cc(668)] Failed to read DnsConfig.
[0701/220950.715:WARNING:dns_config_service_win.cc(668)] Failed to read DnsConfig.
[0701/220955.734:WARNING:dns_config_service_win.cc(668)] Failed to read DnsConfig.
[0701/221000.758:WARNING:dns_config_service_win.cc(668)] Failed to read DnsConfig.
[0701/221005.778:WARNING:dns_config_service_win.cc(668)] Failed to read DnsConfig.
[0701/221010.797:WARNING:dns_config_service_win.cc(668)] Failed to read DnsConfig.
[0701/221015.809:WARNING:dns_config_service_win.cc(668)] Failed to read DnsConfig.
[0701/221020.818:WARNING:dns_config_service_win.cc(668)] Failed to read DnsConfig.
[0701/221025.827:WARNING:dns_config_service_win.cc(668)] Failed to read DnsConfig.
[0701/221030.846:WARNING:dns_config_service_win.cc(668)] Failed to read DnsConfig.
[0701/221035.863:WARNING:dns_config_service_win.cc(668)] Failed to read DnsConfig.
[0701/221040.873:WARNING:dns_config_service_win.cc(668)] Failed to read DnsConfig.
[0701/221045.894:WARNING:dns_config_service_win.cc(668)] Failed to read DnsConfig.
[0701/221050.914:WARNING:dns_config_service_win.cc(668)] Failed to read DnsConfig.
[0701/221055.927:WARNING:dns_config_service_win.cc(668)] Failed to read DnsConfig.
[0701/221100.950:WARNING:dns_config_service_win.cc(668)] Failed to read DnsConfig.
[0701/221105.960:WARNING:dns_config_service_win.cc(668)] Failed to read DnsConfig.
[0701/221110.979:WARNING:dns_config_service_win.cc(668)] Failed to read DnsConfig.
[0701/221115.997:WARNING:dns_config_service_win.cc(668)] Failed to read DnsConfig.
[0701/221121.009:WARNING:dns_config_service_win.cc(668)] Failed to read DnsConfig.
[0701/221126.026:WARNING:dns_config_service_win.cc(668)] Failed to read DnsConfig.
[0701/221131.035:WARNING:dns_config_service_win.cc(668)] Failed to read DnsConfig.
[0701/221136.045:WARNING:dns_config_service_win.cc(668)] Failed to read DnsConfig.
[0701/221141.066:WARNING:dns_config_service_win.cc(668)] Failed to read DnsConfig.
[0701/221146.088:WARNING:dns_config_service_win.cc(668)] Failed to read DnsConfig.
[0701/221151.102:WARNING:dns_config_service_win.cc(668)] Failed to read DnsConfig.
[0701/221156.126:WARNING:dns_config_service_win.cc(668)] Failed to read DnsConfig.
[0701/221201.141:WARNING:dns_config_service_win.cc(668)] Failed to read DnsConfig.
[0701/221206.155:WARNING:dns_config_service_win.cc(668)] Failed to read DnsConfig.
[0701/221211.179:WARNING:dns_config_service_win.cc(668)] Failed to read DnsConfig.
[0701/221216.195:WARNING:dns_config_service_win.cc(668)] Failed to read DnsConfig.
[0701/221221.218:WARNING:dns_config_service_win.cc(668)] Failed to read DnsConfig.
[0701/221226.235:WARNING:dns_config_service_win.cc(668)] Failed to read DnsConfig.
[0701/221231.246:WARNING:dns_config_service_win.cc(668)] Failed to read DnsConfig.
[0701/221236.265:WARNING:dns_config_service_win.cc(668)] Failed to read DnsConfig.
[0701/221241.281:WARNING:dns_config_service_win.cc(668)] Failed to read DnsConfig.
[0701/221246.297:WARNING:dns_config_service_win.cc(668)] Failed to read DnsConfig.
[0701/221251.315:WARNING:dns_config_service_win.cc(668)] Failed to read DnsConfig.
[0701/221256.335:WARNING:dns_config_service_win.cc(668)] Failed to read DnsConfig.
[0701/221301.356:WARNING:dns_config_service_win.cc(668)] Failed to read DnsConfig.
[0701/221306.367:WARNING:dns_config_service_win.cc(668)] Failed to read DnsConfig.
[0701/221311.390:WARNING:dns_config_service_win.cc(668)] Failed to read DnsConfig.
[0701/221316.402:WARNING:dns_config_service_win.cc(668)] Failed to read DnsConfig.
[0701/221321.419:WARNING:dns_config_service_win.cc(668)] Failed to read DnsConfig.
[0701/221326.440:WARNING:dns_config_service_win.cc(668)] Failed to read DnsConfig.
[0701/221331.457:WARNING:dns_config_service_win.cc(668)] Failed to read DnsConfig.
[0701/221336.469:WARNING:dns_config_service_win.cc(668)] Failed to read DnsConfig.
[0701/221341.494:WARNING:dns_config_service_win.cc(668)] Failed to read DnsConfig.
[0701/221346.509:WARNING:dns_config_service_win.cc(668)] Failed to read DnsConfig.
[0701/221351.519:WARNING:dns_config_service_win.cc(668)] Failed to read DnsConfig.
[0701/221356.538:WARNING:dns_config_service_win.cc(668)] Failed to read DnsConfig.
[0701/221401.553:WARNING:dns_config_service_win.cc(668)] Failed to read DnsConfig.
[0701/221406.564:WARNING:dns_config_service_win.cc(668)] Failed to read DnsConfig.
[0701/221411.583:WARNING:dns_config_service_win.cc(668)] Failed to read DnsConfig.
[0701/221416.597:WARNING:dns_config_service_win.cc(668)] Failed to read DnsConfig.
[0701/221421.614:WARNING:dns_config_service_win.cc(668)] Failed to read DnsConfig.
[0701/221426.632:WARNING:dns_config_service_win.cc(668)] Failed to read DnsConfig.
[0701/221431.654:WARNING:dns_config_service_win.cc(668)] Failed to read DnsConfig.
[0701/221436.678:WARNING:dns_config_service_win.cc(668)] Failed to read DnsConfig.
[0701/221441.689:WARNING:dns_config_service_win.cc(668)] Failed to read DnsConfig.
[0701/221446.702:WARNING:dns_config_service_win.cc(668)] Failed to read DnsConfig.
[0701/221451.724:WARNING:dns_config_service_win.cc(668)] Failed to read DnsConfig.
[0701/221456.737:WARNING:dns_config_service_win.cc(668)] Failed to read DnsConfig.
[0701/221501.747:WARNING:dns_config_service_win.cc(668)] Failed to read DnsConfig.
[0701/221506.772:WARNING:dns_config_service_win.cc(668)] Failed to read DnsConfig.
[0701/221511.790:WARNING:dns_config_service_win.cc(668)] Failed to read DnsConfig.
[0701/221516.813:WARNING:dns_config_service_win.cc(668)] Failed to read DnsConfig.
[0701/221521.826:WARNING:dns_config_service_win.cc(668)] Failed to read DnsConfig.
[0701/221526.850:WARNING:dns_config_service_win.cc(668)] Failed to read DnsConfig.
[0701/221531.866:WARNING:dns_config_service_win.cc(668)] Failed to read DnsConfig.
[0701/221536.888:WARNING:dns_config_service_win.cc(668)] Failed to read DnsConfig.
[0701/221541.912:WARNING:dns_config_service_win.cc(668)] Failed to read DnsConfig.
[0701/221546.937:WARNING:dns_config_service_win.cc(668)] Failed to read DnsConfig.
[0701/221551.959:WARNING:dns_config_service_win.cc(668)] Failed to read DnsConfig.
[0701/221556.982:WARNING:dns_config_service_win.cc(668)] Failed to read DnsConfig.
[0701/221601.999:WARNING:dns_config_service_win.cc(668)] Failed to read DnsConfig.
[0701/221607.011:WARNING:dns_config_service_win.cc(668)] Failed to read DnsConfig.
[0701/221612.023:WARNING:dns_config_service_win.cc(668)] Failed to read DnsConfig.
[0701/221617.040:WARNING:dns_config_service_win.cc(668)] Failed to read DnsConfig.
[0701/221622.056:WARNING:dns_config_service_win.cc(668)] Failed to read DnsConfig.
[0701/221627.068:WARNING:dns_config_service_win.cc(668)] Failed to read DnsConfig.
[0701/221632.087:WARNING:dns_config_service_win.cc(668)] Failed to read DnsConfig.
[0701/221637.104:WARNING:dns_config_service_win.cc(668)] Failed to read DnsConfig.
[0701/221642.129:WARNING:dns_config_service_win.cc(668)] Failed to read DnsConfig.
[0701/221647.150:WARNING:dns_config_service_win.cc(668)] Failed to read DnsConfig.
[0701/221652.159:WARNING:dns_config_service_win.cc(668)] Failed to read DnsConfig.
[0701/221657.172:WARNING:dns_config_service_win.cc(668)] Failed to read DnsConfig.
[0701/221702.190:WARNING:dns_config_service_win.cc(668)] Failed to read DnsConfig.
[0701/221707.205:WARNING:dns_config_service_win.cc(668)] Failed to read DnsConfig.
[0701/221712.223:WARNING:dns_config_service_win.cc(668)] Failed to read DnsConfig.
[0701/221717.236:WARNING:dns_config_service_win.cc(668)] Failed to read DnsConfig.
[0701/221722.250:WARNING:dns_config_service_win.cc(668)] Failed to read DnsConfig.
[0701/221727.260:WARNING:dns_config_service_win.cc(668)] Failed to read DnsConfig.
[0701/221732.286:WARNING:dns_config_service_win.cc(668)] Failed to read DnsConfig.
[0701/221737.299:WARNING:dns_config_service_win.cc(668)] Failed to read DnsConfig.
[0701/221742.319:WARNING:dns_config_service_win.cc(668)] Failed to read DnsConfig.
[0701/221747.336:WARNING:dns_config_service_win.cc(668)] Failed to read DnsConfig.
[0701/221752.354:WARNING:dns_config_service_win.cc(668)] Failed to read DnsConfig.
[0701/221757.372:WARNING:dns_config_service_win.cc(668)] Failed to read DnsConfig.
[0701/233145.883:WARNING:dns_config_service_win.cc(668)] Failed to read DnsConfig.
[0701/233150.896:WARNING:dns_config_service_win.cc(668)] Failed to read DnsConfig.
[0701/233155.901:WARNING:dns_config_service_win.cc(668)] Failed to read DnsConfig.
[0701/233200.925:WARNING:dns_config_service_win.cc(668)] Failed to read DnsConfig.
[0701/233205.936:WARNING:dns_config_service_win.cc(668)] Failed to read DnsConfig.
